0 info it worked if it ends with ok
1 verbose cli [ '/usr/local/bin/node', '/usr/local/bin/npm', 'publish' ]
2 info using npm@4.1.2
3 info using node@v7.7.1
4 verbose publish [ '.' ]
5 silly cache add args [ '.', null ]
6 verbose cache add spec .
7 silly cache add parsed spec Result {
7 silly cache add   raw: '.',
7 silly cache add   scope: null,
7 silly cache add   escapedName: null,
7 silly cache add   name: null,
7 silly cache add   rawSpec: '.',
7 silly cache add   spec: '/Users/jeff/repos/styles',
7 silly cache add   type: 'directory' }
8 verbose addLocalDirectory /Users/jeff/.npm/responsive-cta-builder-css/1.0.0/package.tgz not in flight; packing
9 verbose correctMkdir /Users/jeff/.npm correctMkdir not in flight; initializing
10 info lifecycle responsive-cta-builder-css@1.0.0~prepublish: responsive-cta-builder-css@1.0.0
11 silly lifecycle responsive-cta-builder-css@1.0.0~prepublish: no script for prepublish, continuing
12 info lifecycle responsive-cta-builder-css@1.0.0~prepare: responsive-cta-builder-css@1.0.0
13 silly lifecycle responsive-cta-builder-css@1.0.0~prepare: no script for prepare, continuing
14 verbose tar pack [ '/Users/jeff/.npm/responsive-cta-builder-css/1.0.0/package.tgz',
14 verbose tar pack   '/Users/jeff/repos/styles' ]
15 verbose tarball /Users/jeff/.npm/responsive-cta-builder-css/1.0.0/package.tgz
16 verbose folder /Users/jeff/repos/styles
17 verbose addLocalTarball adding from inside cache /Users/jeff/.npm/responsive-cta-builder-css/1.0.0/package.tgz
18 verbose correctMkdir /Users/jeff/.npm correctMkdir not in flight; initializing
19 silly cache afterAdd responsive-cta-builder-css@1.0.0
20 verbose afterAdd /Users/jeff/.npm/responsive-cta-builder-css/1.0.0/package/package.json not in flight; writing
21 verbose correctMkdir /Users/jeff/.npm correctMkdir not in flight; initializing
22 verbose afterAdd /Users/jeff/.npm/responsive-cta-builder-css/1.0.0/package/package.json written
23 silly publish { name: 'responsive-cta-builder-css',
23 silly publish   version: '1.0.0',
23 silly publish   homepage: 'https://www.responsivectabuilder.com',
23 silly publish   description: 'Stylesheet to provide style to the Responsive CTA Builder embed code',
23 silly publish   scripts:
23 silly publish    { build: 'npm run build-clean && npm run build-sass && npm run build-autoprefix',
23 silly publish      'build-autoprefix': 'postcss --no-map --use autoprefixer --output dist/cta.css dist/cta.css',
23 silly publish      'build-clean': 'rimraf dist',
23 silly publish      'build-sass': 'node-sass --output-style compressed cta.sass dist/cta.css' },
23 silly publish   main: 'dist',
23 silly publish   files: [ 'cta.sass', 'dist', 'README.md' ],
23 silly publish   repository:
23 silly publish    { type: 'git',
23 silly publish      url: 'git+https://github.com/buildBetterCTAs/styles.git' },
23 silly publish   bugs: { url: 'https://github.com/buildBetterCTAs/styles/issues' },
23 silly publish   author: { name: 'Responsive CTA Builder' },
23 silly publish   license: 'ISC',
23 silly publish   devDependencies:
23 silly publish    { autoprefixer: '^6.7.7',
23 silly publish      'node-sass': '^4.5.2',
23 silly publish      'postcss-cli': '^3.2.0',
23 silly publish      rimraf: '^2.6.1' },
23 silly publish   readme: '# styles\n> Stylesheet for Responsive CTA Builder embed code',
23 silly publish   readmeFilename: 'README.md',
23 silly publish   gitHead: 'c0fbe23e5fbf6a013a577fb1f9062b3dd999b4b0',
23 silly publish   _id: 'responsive-cta-builder-css@1.0.0',
23 silly publish   _shasum: '0ad50bbe5164ab3a85a712654f91ad55ed0e8144',
23 silly publish   _from: '.' }
24 info lifecycle responsive-cta-builder-css@1.0.0~prepublishOnly: responsive-cta-builder-css@1.0.0
25 silly lifecycle responsive-cta-builder-css@1.0.0~prepublishOnly: no script for prepublishOnly, continuing
26 verbose getPublishConfig undefined
27 silly mapToRegistry name responsive-cta-builder-css
28 silly mapToRegistry using default registry
29 silly mapToRegistry registry https://registry.npmjs.org/
30 silly mapToRegistry data Result {
30 silly mapToRegistry   raw: 'responsive-cta-builder-css',
30 silly mapToRegistry   scope: null,
30 silly mapToRegistry   escapedName: 'responsive-cta-builder-css',
30 silly mapToRegistry   name: 'responsive-cta-builder-css',
30 silly mapToRegistry   rawSpec: '',
30 silly mapToRegistry   spec: 'latest',
30 silly mapToRegistry   type: 'tag' }
31 silly mapToRegistry uri https://registry.npmjs.org/responsive-cta-builder-css
32 verbose publish registryBase https://registry.npmjs.org/
33 silly publish uploading /Users/jeff/.npm/responsive-cta-builder-css/1.0.0/package.tgz
34 verbose request uri https://registry.npmjs.org/responsive-cta-builder-css
35 verbose request sending authorization for write operation
36 info attempt registry request try #1 at 10:43:45 PM
37 verbose request using bearer token for auth
38 verbose request id 075b5497b42c024f
39 http request PUT https://registry.npmjs.org/responsive-cta-builder-css
40 http 403 https://registry.npmjs.org/responsive-cta-builder-css
41 verbose headers { 'content-type': 'application/json',
41 verbose headers   'cache-control': 'max-age=300',
41 verbose headers   'content-length': '95',
41 verbose headers   'accept-ranges': 'bytes',
41 verbose headers   date: 'Mon, 24 Apr 2017 02:43:46 GMT',
41 verbose headers   via: '1.1 varnish',
41 verbose headers   connection: 'keep-alive',
41 verbose headers   'x-served-by': 'cache-bos8220-BOS',
41 verbose headers   'x-cache': 'MISS',
41 verbose headers   'x-cache-hits': '0',
41 verbose headers   'x-timer': 'S1493001826.150873,VS0,VE572',
41 verbose headers   vary: 'Accept-Encoding' }
42 verbose request invalidating /Users/jeff/.npm/registry.npmjs.org/responsive-cta-builder-css on PUT
43 error publish Failed PUT 403
44 verbose stack Error: "You cannot publish over the previously published version 1.0.0." : responsive-cta-builder-css
44 verbose stack     at makeError (/usr/local/lib/node_modules/npm/node_modules/npm-registry-client/lib/request.js:304:12)
44 verbose stack     at CachingRegistryClient.<anonymous> (/usr/local/lib/node_modules/npm/node_modules/npm-registry-client/lib/request.js:292:14)
44 verbose stack     at Request._callback (/usr/local/lib/node_modules/npm/node_modules/npm-registry-client/lib/request.js:212:14)
44 verbose stack     at Request.self.callback (/usr/local/lib/node_modules/npm/node_modules/request/request.js:186:22)
44 verbose stack     at emitTwo (events.js:106:13)
44 verbose stack     at Request.emit (events.js:194:7)
44 verbose stack     at Request.<anonymous> (/usr/local/lib/node_modules/npm/node_modules/request/request.js:1081:10)
44 verbose stack     at emitOne (events.js:96:13)
44 verbose stack     at Request.emit (events.js:191:7)
44 verbose stack     at IncomingMessage.<anonymous> (/usr/local/lib/node_modules/npm/node_modules/request/request.js:1001:12)
45 verbose statusCode 403
46 verbose pkgid responsive-cta-builder-css
47 verbose cwd /Users/jeff/repos/styles
48 error Darwin 16.5.0
49 error argv "/usr/local/bin/node" "/usr/local/bin/npm" "publish"
50 error node v7.7.1
51 error npm  v4.1.2
52 error code E403
53 error "You cannot publish over the previously published version 1.0.0." : responsive-cta-builder-css
54 error If you need help, you may report this error at:
54 error     <https://github.com/npm/npm/issues>
55 verbose exit [ 1, true ]
